
map -a "MachXO2" -p LCMXO2-7000HE -t TQFP144 -s 4 -oc Commercial   "compuertas_compuertas.ngd" -o "compuertas_compuertas_map.ncd" -pr "compuertas_compuertas.prf" -mp "compuertas_compuertas.mrp" -lpf "/media/sf_Arquitectura/Practicas/p5/compuertas/compuertas_compuertas.lpf" -lpf "/media/sf_Arquitectura/Practicas/p5/compuertas.lpf" -c 0            
map:  version Diamond (64-bit) 3.8.0.115.3

Copyright (c) 1991-1994 by NeoCAD Inc. All rights reserved.
Copyright (c) 1995 AT&T Corp.   All rights reserved.
Copyright (c) 1995-2001 Lucent Technologies Inc.  All rights reserved.
Copyright (c) 2001 Agere Systems   All rights reserved.
Copyright (c) 2002-2016 Lattice Semiconductor Corporation,  All rights reserved.
   Process the file: compuertas_compuertas.ngd
   Picdevice="LCMXO2-7000HE"

   Pictype="TQFP144"

   Picspeed=4

   Remove unused logic

   Do not produce over sized NCDs.

Part used: LCMXO2-7000HETQFP144, Performance used: 4.

Loading device for application map from file 'xo2c7000.nph' in environment: /usr/local/diamond/3.8_x64/ispfpga.
Package Status:                     Final          Version 1.39.

Running general design DRC...

    <postMsg mid="1166064" type="Warning" dynamic="2" navigation="0" arg0="input" arg1="Ba[2]"  />
Removing unused logic...

Optimizing...

    <postMsg mid="51001046" type="Warning" dynamic="1" navigation="0" arg0="Ba[5:0](2)"  />



Design Summary:
   Number of registers:      0 out of  7209 (0%)
      PFU registers:            0 out of  6864 (0%)
      PIO registers:            0 out of   345 (0%)
   Number of SLICEs:         6 out of  3432 (0%)
      SLICEs as Logic/ROM:      6 out of  3432 (0%)
      SLICEs as RAM:            0 out of  2574 (0%)
      SLICEs as Carry:          0 out of  3432 (0%)
   Number of LUT4s:          6 out of  6864 (0%)
      Number used as logic LUTs:          6
      Number used as distributed RAM:     0
      Number used as ripple logic:        0
      Number used as shift registers:     0
   Number of PIO sites used: 17 + 4(JTAG) out of 115 (18%)
   Number of block RAMs:  0 out of 26 (0%)
   Number of GSRs:  0 out of 1 (0%)
   EFB used :       No
   JTAG used :      No
   Readback used :  No
   Oscillator used :  No
   Startup used :   No
   POR :            On
   Bandgap :        On
   Number of Power Controller:  0 out of 1 (0%)
   Number of Dynamic Bank Controller (BCINRD):  0 out of 6 (0%)
   Number of Dynamic Bank Controller (BCLVDSO):  0 out of 1 (0%)
   Number of DCCA:  0 out of 8 (0%)
   Number of DCMA:  0 out of 2 (0%)
   Number of PLLs:  0 out of 2 (0%)
   Number of DQSDLLs:  0 out of 2 (0%)
   Number of CLKDIVC:  0 out of 4 (0%)
   Number of ECLKSYNCA:  0 out of 4 (0%)
   Number of ECLKBRIDGECS:  0 out of 2 (0%)
   Notes:-
      1. Total number of LUT4s = (Number of logic LUT4s) + 2*(Number of distributed RAMs) + 2*(Number of ripple logic)
      2. Number of logic LUT4s does not include count of distributed RAM and ripple logic.
   Number of clocks:  0
   Number of Clock Enables:  0
   Number of LSRs:  0
   Number of nets driven by tri-state buffers:  0
   Top 10 highest fanout non-clock nets:
     Net Aa_c_0: 1 loads
     Net Aa_c_2: 1 loads
     Net Aa_c_5: 1 loads
     Net Ba_c_0: 1 loads
     Net Ba_c_5: 1 loads
     Net Ya_5__N_1: 1 loads
     Net Ya_c_0: 1 loads
     Net Ya_c_2: 1 loads
     Net Ya_c_3: 1 loads
     Net Ya_c_4: 1 loads
 

   Number of warnings:  2
   Number of errors:    0



Total CPU Time: 0 secs  
Total REAL Time: 3 secs  
Peak Memory Usage: 181 MB

Dumping design to file compuertas_compuertas_map.ncd.

ncd2vdb "compuertas_compuertas_map.ncd" ".vdbs/compuertas_compuertas_map.vdb"

Loading device for application ncd2vdb from file 'xo2c7000.nph' in environment: /usr/local/diamond/3.8_x64/ispfpga.

mpartrce -p "compuertas_compuertas.p2t" -f "compuertas_compuertas.p3t" -tf "compuertas_compuertas.pt" "compuertas_compuertas_map.ncd" "compuertas_compuertas.ncd"

---- MParTrce Tool ----
Removing old design directory at request of -rem command line option to this program.
Running par. Please wait . . .

Lattice Place and Route Report for Design "compuertas_compuertas_map.ncd"
Tue Feb  7 22:38:14 2017

PAR: Place And Route Diamond (64-bit) 3.8.0.115.3.
Command Line: par -w -l 5 -i 6 -t 1 -c 0 -e 0 -gui -exp parUseNBR=1:parCDP=0:parCDR=0:parPathBased=OFF compuertas_compuertas_map.ncd compuertas_compuertas.dir/5_1.ncd compuertas_compuertas.prf
Preference file: compuertas_compuertas.prf.
Placement level-cost: 5-1.
Routing Iterations: 6

Loading design for application par from file compuertas_compuertas_map.ncd.
Design name: comp
NCD version: 3.3
Vendor:      LATTICE
Device:      LCMXO2-7000HE
Package:     TQFP144
Performance: 4
Loading device for application par from file 'xo2c7000.nph' in environment: /usr/local/diamond/3.8_x64/ispfpga.
Package Status:                     Final          Version 1.39.
Performance Hardware Data Status:   Final          Version 34.4.
License checked out.


Ignore Preference Error(s):  True
Device utilization summary:

   PIO (prelim)   17+4(JTAG)/336     6% used
                  17+4(JTAG)/115     18% bonded

   SLICE              6/3432         <1% used



Number of Signals: 17
Number of Connections: 17

Pin Constraint Summary:
   17 out of 17 pins locked (100% locked).

No signal is selected as primary clock.


No signal is selected as secondary clock.

No signal is selected as Global Set/Reset.
Starting Placer Phase 0.

Finished Placer Phase 0.  REAL time: 4 secs 

Starting Placer Phase 1.
....................
Placer score = 10578.
Finished Placer Phase 1.  REAL time: 6 secs 

Starting Placer Phase 2.
.
Placer score =  10569
Finished Placer Phase 2.  REAL time: 6 secs 


------------------ Clock Report ------------------

Global Clock Resources:
  CLK_PIN    : 0 out of 8 (0%)
  PLL        : 0 out of 2 (0%)
  DCM        : 0 out of 2 (0%)
  DCC        : 0 out of 8 (0%)

Quadrants All (TL, TR, BL, BR) - Global Clocks:

  PRIMARY  : 0 out of 8 (0%)
  SECONDARY: 0 out of 8 (0%)

Edge Clocks:
  No edge clock selected.

--------------- End of Clock Report ---------------


I/O Usage Summary (final):
   17 + 4(JTAG) out of 336 (6.2%) PIO sites used.
   17 + 4(JTAG) out of 115 (18.3%) bonded PIO sites used.
   Number of PIO comps: 17; differential: 0.
   Number of Vref pins used: 0.

I/O Bank Usage Summary:
+----------+----------------+------------+-----------+
| I/O Bank | Usage          | Bank Vccio | Bank Vref |
+----------+----------------+------------+-----------+
| 0        | 6 / 28 ( 21%)  | 2.5V       | -         |
| 1        | 0 / 29 (  0%)  | -          | -         |
| 2        | 11 / 29 ( 37%) | 2.5V       | -         |
| 3        | 0 / 9 (  0%)   | -          | -         |
| 4        | 0 / 10 (  0%)  | -          | -         |
| 5        | 0 / 10 (  0%)  | -          | -         |
+----------+----------------+------------+-----------+

Total placer CPU time: 1 secs 

Dumping design to file compuertas_compuertas.dir/5_1.ncd.


-----------------------------------------------------------------
INFO - par: ASE feature is off due to non timing-driven settings.  
-----------------------------------------------------------------

0 connections routed; 17 unrouted.
Starting router resource preassignment

Completed router resource preassignment. Real time: 11 secs 

Start NBR router at Tue Feb 07 22:38:25 CST 2017

*****************************************************************
Info: NBR allows conflicts(one node used by more than one signal)
      in the earlier iterations. In each iteration, it tries to  
      solve the conflicts while keeping the critical connections 
      routed as short as possible. The routing process is said to
      be completed when no conflicts exist and all connections   
      are routed.                                                
Note: NBR uses a different method to calculate timing slacks. The
      worst slack and total negative slack may not be the same as
      that in TRCE report. You should always run TRCE to verify  
      your design.                                               
*****************************************************************

Start NBR special constraint process at Tue Feb 07 22:38:25 CST 2017

Start NBR section for initial routing at Tue Feb 07 22:38:25 CST 2017
Level 4, iteration 1
0(0.00%) conflict; 0(0.00%) untouched conn; 0 (nbr) score; real time: 11 secs 

Info: Initial congestion level at 75% usage is 0
Info: Initial congestion area  at 75% usage is 0 (0.00%)

Start NBR section for normal routing at Tue Feb 07 22:38:26 CST 2017
Level 4, iteration 1
0(0.00%) conflict; 0(0.00%) untouched conn; 0 (nbr) score; real time: 12 secs 

Start NBR section for re-routing at Tue Feb 07 22:38:26 CST 2017
Level 4, iteration 1
0(0.00%) conflict; 0(0.00%) untouched conn; 0 (nbr) score; real time: 12 secs 

Start NBR section for post-routing at Tue Feb 07 22:38:26 CST 2017

End NBR router with 0 unrouted connection

NBR Summary
-----------
  Number of unrouted connections : 0 (0.00%)
  Number of connections with timing violations : 0 (0.00%)
  Estimated worst slack<setup> : <n/a>
  Timing score<setup> : 0
-----------
Notes: The timing info is calculated for SETUP only and all PAR_ADJs are ignored.



Total CPU time 3 secs 
Total REAL time: 12 secs 
Completely routed.
End of route.  17 routed (100.00%); 0 unrouted.

Hold time timing score: 0, hold timing errors: 0

Timing score: 0 

Dumping design to file compuertas_compuertas.dir/5_1.ncd.


PAR_SUMMARY::Run status = completed
PAR_SUMMARY::Number of unrouted conns = 0
PAR_SUMMARY::Worst  slack<setup/<ns>> = <n/a>
PAR_SUMMARY::Timing score<setup/<ns>> = <n/a>
PAR_SUMMARY::Worst  slack<hold /<ns>> = <n/a>
PAR_SUMMARY::Timing score<hold /<ns>> = <n/a>
PAR_SUMMARY::Number of errors = 0

Total CPU  time to completion: 3 secs 
Total REAL time to completion: 12 secs 

par done!

Copyright (c) 1991-1994 by NeoCAD Inc. All rights reserved.
Copyright (c) 1995 AT&T Corp.   All rights reserved.
Copyright (c) 1995-2001 Lucent Technologies Inc.  All rights reserved.
Copyright (c) 2001 Agere Systems   All rights reserved.
Copyright (c) 2002-2016 Lattice Semiconductor Corporation,  All rights reserved.
Exiting par with exit code 0
Exiting mpartrce with exit code 0

bitgen -f "compuertas_compuertas.t2b" -w "compuertas_compuertas.ncd" -jedec "compuertas_compuertas.prf"


BITGEN: Bitstream Generator Diamond (64-bit) 3.8.0.115.3
Copyright (c) 1991-1994 by NeoCAD Inc. All rights reserved.
Copyright (c) 1995 AT&T Corp.   All rights reserved.
Copyright (c) 1995-2001 Lucent Technologies Inc.  All rights reserved.
Copyright (c) 2001 Agere Systems   All rights reserved.
Copyright (c) 2002-2016 Lattice Semiconductor Corporation,  All rights reserved.


Loading design for application Bitgen from file compuertas_compuertas.ncd.
Design name: comp
NCD version: 3.3
Vendor:      LATTICE
Device:      LCMXO2-7000HE
Package:     TQFP144
Performance: 4
Loading device for application Bitgen from file 'xo2c7000.nph' in environment: /usr/local/diamond/3.8_x64/ispfpga.
Package Status:                     Final          Version 1.39.
Performance Hardware Data Status:   Final          Version 34.4.

Running DRC.
DRC detected 0 errors and 0 warnings.
Reading Preference File from compuertas_compuertas.prf.

Preference Summary:
+---------------------------------+---------------------------------+
|  Preference                     |  Current Setting                |
+---------------------------------+---------------------------------+
|                         RamCfg  |                        Reset**  |
+---------------------------------+---------------------------------+
|                     MCCLK_FREQ  |                         2.08**  |
+---------------------------------+---------------------------------+
|                  CONFIG_SECURE  |                          OFF**  |
+---------------------------------+---------------------------------+
|                      JTAG_PORT  |                       ENABLE**  |
+---------------------------------+---------------------------------+
|                       SDM_PORT  |                      DISABLE**  |
+---------------------------------+---------------------------------+
|                 SLAVE_SPI_PORT  |                      DISABLE**  |
+---------------------------------+---------------------------------+
|                MASTER_SPI_PORT  |                      DISABLE**  |
+---------------------------------+---------------------------------+
|                       I2C_PORT  |                      DISABLE**  |
+---------------------------------+---------------------------------+
|        MUX_CONFIGURATION_PORTS  |                      DISABLE**  |
+---------------------------------+---------------------------------+
|                  CONFIGURATION  |                          CFG**  |
+---------------------------------+---------------------------------+
|                COMPRESS_CONFIG  |                           ON**  |
+---------------------------------+---------------------------------+
|                        MY_ASSP  |                          OFF**  |
+---------------------------------+---------------------------------+
|               ONE_TIME_PROGRAM  |                          OFF**  |
+---------------------------------+---------------------------------+
|                 ENABLE_TRANSFR  |                      DISABLE**  |
+---------------------------------+---------------------------------+
|                  SHAREDEBRINIT  |                      DISABLE**  |
+---------------------------------+---------------------------------+
|            BACKGROUND_RECONFIG  |                          OFF**  |
+---------------------------------+---------------------------------+
 *  Default setting.
 ** The specified setting matches the default setting.


Creating bit map...
 
Bitstream Status: Final           Version 1.92.
 
Saving bit stream in "compuertas_compuertas.jed".
 
===========
UFM Summary.
===========
UFM Size:        2046 Pages (128*2046 Bits).
UFM Utilization: General Purpose Flash Memory.
 
Available General Purpose Flash Memory: 2046 Pages (Page 0 to Page 2045).
Initialized UFM Pages:                     0 Page.
 
