
             Lattice Mapping Report File for Design Module 'comp'


Design Information
------------------

Command line:   map -a MachXO2 -p LCMXO2-7000HE -t TQFP144 -s 4 -oc Commercial
     compuertas_compuertas.ngd -o compuertas_compuertas_map.ncd -pr
     compuertas_compuertas.prf -mp compuertas_compuertas.mrp -lpf
     /media/sf_Arquitectura/Practicas/p5/compuertas/compuertas_compuertas.lpf
     -lpf /media/sf_Arquitectura/Practicas/p5/compuertas.lpf -c 0 -gui 
Target Vendor:  LATTICE
Target Device:  LCMXO2-7000HETQFP144
Target Performance:   4
Mapper:  xo2c00,  version:  Diamond (64-bit) 3.8.0.115.3
Mapped on:  02/07/17  22:38:08

Design Summary
--------------

   Number of registers:      0 out of  7209 (0%)
      PFU registers:            0 out of  6864 (0%)
      PIO registers:            0 out of   345 (0%)
   Number of SLICEs:         6 out of  3432 (0%)
      SLICEs as Logic/ROM:      6 out of  3432 (0%)
      SLICEs as RAM:            0 out of  2574 (0%)
      SLICEs as Carry:          0 out of  3432 (0%)
   Number of LUT4s:          6 out of  6864 (0%)
      Number used as logic LUTs:          6
      Number used as distributed RAM:     0
      Number used as ripple logic:        0
      Number used as shift registers:     0
   Number of PIO sites used: 17 + 4(JTAG) out of 115 (18%)
   Number of block RAMs:  0 out of 26 (0%)
   Number of GSRs:  0 out of 1 (0%)
   EFB used :       No
   JTAG used :      No
   Readback used :  No
   Oscillator used :  No
   Startup used :   No
   POR :            On
   Bandgap :        On
   Number of Power Controller:  0 out of 1 (0%)
   Number of Dynamic Bank Controller (BCINRD):  0 out of 6 (0%)
   Number of Dynamic Bank Controller (BCLVDSO):  0 out of 1 (0%)
   Number of DCCA:  0 out of 8 (0%)
   Number of DCMA:  0 out of 2 (0%)
   Number of PLLs:  0 out of 2 (0%)
   Number of DQSDLLs:  0 out of 2 (0%)
   Number of CLKDIVC:  0 out of 4 (0%)
   Number of ECLKSYNCA:  0 out of 4 (0%)
   Number of ECLKBRIDGECS:  0 out of 2 (0%)
   Notes:-
      1. Total number of LUT4s = (Number of logic LUT4s) + 2*(Number of
     distributed RAMs) + 2*(Number of ripple logic)
      2. Number of logic LUT4s does not include count of distributed RAM and
     ripple logic.
   Number of clocks:  0
   Number of Clock Enables:  0
   Number of LSRs:  0
   Number of nets driven by tri-state buffers:  0

                                    Page 1




Design:  comp                                          Date:  02/07/17  22:38:08

Design Summary (cont)
---------------------
   Top 10 highest fanout non-clock nets:
     Net Aa_c_0: 1 loads
     Net Aa_c_2: 1 loads
     Net Aa_c_5: 1 loads
     Net Ba_c_0: 1 loads
     Net Ba_c_5: 1 loads
     Net Ya_5__N_1: 1 loads
     Net Ya_c_0: 1 loads
     Net Ya_c_2: 1 loads
     Net Ya_c_3: 1 loads
     Net Ya_c_4: 1 loads




   Number of warnings:  2
   Number of errors:    0
     

Design Errors/Warnings
----------------------

WARNING - map: input pad net 'Ba[2]' has no legal load.
WARNING - map: IO buffer missing for top level port Ba[5:0](2)...logic will be
     discarded.

IO (PIO) Attributes
-------------------

+---------------------+-----------+-----------+------------+
| IO Name             | Direction | Levelmode | IO         |
|                     |           |  IO_TYPE  | Register   |
+---------------------+-----------+-----------+------------+
| Ya[5]               | OUTPUT    | LVCMOS25  |            |
+---------------------+-----------+-----------+------------+
| Ya[4]               | OUTPUT    | LVCMOS25  |            |
+---------------------+-----------+-----------+------------+
| Ya[3]               | OUTPUT    | LVCMOS25  |            |
+---------------------+-----------+-----------+------------+
| Ya[2]               | OUTPUT    | LVCMOS25  |            |
+---------------------+-----------+-----------+------------+
| Ya[1]               | OUTPUT    | LVCMOS25  |            |
+---------------------+-----------+-----------+------------+
| Ya[0]               | OUTPUT    | LVCMOS25  |            |
+---------------------+-----------+-----------+------------+
| Aa[5]               | INPUT     | LVCMOS25  |            |
+---------------------+-----------+-----------+------------+
| Aa[4]               | INPUT     | LVCMOS25  |            |
+---------------------+-----------+-----------+------------+
| Aa[3]               | INPUT     | LVCMOS25  |            |
+---------------------+-----------+-----------+------------+
| Aa[2]               | INPUT     | LVCMOS25  |            |
+---------------------+-----------+-----------+------------+
| Aa[1]               | INPUT     | LVCMOS25  |            |
+---------------------+-----------+-----------+------------+
| Aa[0]               | INPUT     | LVCMOS25  |            |

                                    Page 2




Design:  comp                                          Date:  02/07/17  22:38:08

IO (PIO) Attributes (cont)
--------------------------
+---------------------+-----------+-----------+------------+
| Ba[5]               | INPUT     | LVCMOS25  |            |
+---------------------+-----------+-----------+------------+
| Ba[4]               | INPUT     | LVCMOS25  |            |
+---------------------+-----------+-----------+------------+
| Ba[3]               | INPUT     | LVCMOS25  |            |
+---------------------+-----------+-----------+------------+
| Ba[1]               | INPUT     | LVCMOS25  |            |
+---------------------+-----------+-----------+------------+
| Ba[0]               | INPUT     | LVCMOS25  |            |
+---------------------+-----------+-----------+------------+

Removed logic
-------------

Block i42 undriven or does not drive anything - clipped.
Block GSR_INST undriven or does not drive anything - clipped.
Block i41 undriven or does not drive anything - clipped.
Signal VCC_net undriven or does not drive anything - clipped.
Signal GND_net undriven or does not drive anything - clipped.

Memory Usage
------------


     

Run Time and Memory Usage
-------------------------

   Total CPU Time: 0 secs  
   Total REAL Time: 3 secs  
   Peak Memory Usage: 181 MB
        























                                    Page 3


Copyright (c) 1991-1994 by NeoCAD Inc. All rights reserved.
     Copyright (c) 1995 AT&T Corp.   All rights reserved.
     Copyright (c) 1995-2001 Lucent Technologies Inc.  All rights reserved.
     Copyright (c) 2001 Agere Systems   All rights reserved.
     Copyright (c) 2002-2016 Lattice Semiconductor Corporation,  All rights
     reserved.
